1631164077679	geckodriver	INFO	Listening on 127.0.0.1:47531
1631164077681	mozrunner::runner	INFO	Running command: "/usr/bin/firefox" "--marionette" "-foreground" "-no-remote" "-profile" "/tmp/rust_mozprofileJIeol4"
1631164077891	Marionette	INFO	Marionette enabled

(firefox:8562): Gtk-WARNING **: 08:07:57.929: Theme parsing error: gtk.css:69:36: The style property GtkCheckMenuItem:indicator-size is deprecated and shouldn't be used anymore. It will be removed in a future version

(firefox:8562): Gtk-WARNING **: 08:07:57.929: Theme parsing error: gtk.css:73:30: The style property GtkExpander:expander-size is deprecated and shouldn't be used anymore. It will be removed in a future version

(firefox:8562): Gtk-WARNING **: 08:07:57.958: Theme parsing error: gtk.css:69:36: The style property GtkCheckMenuItem:indicator-size is deprecated and shouldn't be used anymore. It will be removed in a future version

(firefox:8562): Gtk-WARNING **: 08:07:57.958: Theme parsing error: gtk.css:73:30: The style property GtkExpander:expander-size is deprecated and shouldn't be used anymore. It will be removed in a future version

(firefox:8562): Gtk-WARNING **: 08:07:57.969: Theme parsing error: gtk.css:69:36: The style property GtkCheckMenuItem:indicator-size is deprecated and shouldn't be used anymore. It will be removed in a future version

(firefox:8562): Gtk-WARNING **: 08:07:57.969: Theme parsing error: gtk.css:73:30: The style property GtkExpander:expander-size is deprecated and shouldn't be used anymore. It will be removed in a future version
console.warn: SearchSettings: "get: No settings file exists, new profile?" (new NotFoundError("Could not open the file at /tmp/rust_mozprofileJIeol4/search.json.mozlz4", (void 0)))
1631164078599	Marionette	INFO	Listening on port 40929
1631164078696	RemoteAgent	WARN	TLS certificate errors will be ignored for this session
1631164259459	geckodriver	INFO	Listening on 127.0.0.1:55097
1631164259460	mozrunner::runner	INFO	Running command: "/usr/bin/firefox" "--marionette" "-foreground" "-no-remote" "-profile" "/tmp/rust_mozprofile23K7lh"
1631164259675	Marionette	INFO	Marionette enabled

(firefox:8850): Gtk-WARNING **: 08:10:59.718: Theme parsing error: gtk.css:69:36: The style property GtkCheckMenuItem:indicator-size is deprecated and shouldn't be used anymore. It will be removed in a future version

(firefox:8850): Gtk-WARNING **: 08:10:59.718: Theme parsing error: gtk.css:73:30: The style property GtkExpander:expander-size is deprecated and shouldn't be used anymore. It will be removed in a future version

(firefox:8850): Gtk-WARNING **: 08:10:59.749: Theme parsing error: gtk.css:69:36: The style property GtkCheckMenuItem:indicator-size is deprecated and shouldn't be used anymore. It will be removed in a future version

(firefox:8850): Gtk-WARNING **: 08:10:59.749: Theme parsing error: gtk.css:73:30: The style property GtkExpander:expander-size is deprecated and shouldn't be used anymore. It will be removed in a future version

(firefox:8850): Gtk-WARNING **: 08:10:59.761: Theme parsing error: gtk.css:69:36: The style property GtkCheckMenuItem:indicator-size is deprecated and shouldn't be used anymore. It will be removed in a future version

(firefox:8850): Gtk-WARNING **: 08:10:59.761: Theme parsing error: gtk.css:73:30: The style property GtkExpander:expander-size is deprecated and shouldn't be used anymore. It will be removed in a future version
console.warn: SearchSettings: "get: No settings file exists, new profile?" (new NotFoundError("Could not open the file at /tmp/rust_mozprofile23K7lh/search.json.mozlz4", (void 0)))
1631164260721	Marionette	INFO	Listening on port 34117
1631164260773	RemoteAgent	WARN	TLS certificate errors will be ignored for this session
1631164288872	Marionette	INFO	Stopped listening on port 34117
JavaScript error: resource:///modules/Interactions.jsm, line 209: NS_ERROR_FAILURE: Component returned failure code: 0x80004005 (NS_ERROR_FAILURE) [nsIUserIdleService.removeIdleObserver]

###!!! [Parent][RunMessage] Error: Channel closing: too late to send/recv, messages will be lost

console.log: WebExtensions: reset-default-search: starting.
console.log: WebExtensions: reset-default-search: No addons in our list are installed.
1631164603240	geckodriver	INFO	Listening on 127.0.0.1:39853
1631164603242	mozrunner::runner	INFO	Running command: "/usr/bin/firefox" "--marionette" "-foreground" "-no-remote" "-profile" "/tmp/rust_mozprofile5RyXK4"
1631164603515	Marionette	INFO	Marionette enabled

(firefox:9253): Gtk-WARNING **: 08:16:43.561: Theme parsing error: gtk.css:69:36: The style property GtkCheckMenuItem:indicator-size is deprecated and shouldn't be used anymore. It will be removed in a future version

(firefox:9253): Gtk-WARNING **: 08:16:43.561: Theme parsing error: gtk.css:73:30: The style property GtkExpander:expander-size is deprecated and shouldn't be used anymore. It will be removed in a future version

(firefox:9253): Gtk-WARNING **: 08:16:43.590: Theme parsing error: gtk.css:69:36: The style property GtkCheckMenuItem:indicator-size is deprecated and shouldn't be used anymore. It will be removed in a future version

(firefox:9253): Gtk-WARNING **: 08:16:43.590: Theme parsing error: gtk.css:73:30: The style property GtkExpander:expander-size is deprecated and shouldn't be used anymore. It will be removed in a future version

(firefox:9253): Gtk-WARNING **: 08:16:43.602: Theme parsing error: gtk.css:69:36: The style property GtkCheckMenuItem:indicator-size is deprecated and shouldn't be used anymore. It will be removed in a future version

(firefox:9253): Gtk-WARNING **: 08:16:43.602: Theme parsing error: gtk.css:73:30: The style property GtkExpander:expander-size is deprecated and shouldn't be used anymore. It will be removed in a future version
console.warn: SearchSettings: "get: No settings file exists, new profile?" (new NotFoundError("Could not open the file at /tmp/rust_mozprofile5RyXK4/search.json.mozlz4", (void 0)))
1631164604424	Marionette	INFO	Listening on port 34091
1631164604453	RemoteAgent	WARN	TLS certificate errors will be ignored for this session
1631164620422	Marionette	INFO	Stopped listening on port 34091
JavaScript error: resource:///modules/Interactions.jsm, line 209: NS_ERROR_FAILURE: Component returned failure code: 0x80004005 (NS_ERROR_FAILURE) [nsIUserIdleService.removeIdleObserver]

###!!! [Parent][RunMessage] Error: Channel closing: too late to send/recv, messages will be lost

1631164772617	geckodriver	INFO	Listening on 127.0.0.1:38327
1631164772619	mozrunner::runner	INFO	Running command: "/usr/bin/firefox" "--marionette" "-foreground" "-no-remote" "-profile" "/tmp/rust_mozprofiledro7hp"
1631164772841	Marionette	INFO	Marionette enabled

(firefox:9566): Gtk-WARNING **: 08:19:32.882: Theme parsing error: gtk.css:69:36: The style property GtkCheckMenuItem:indicator-size is deprecated and shouldn't be used anymore. It will be removed in a future version

(firefox:9566): Gtk-WARNING **: 08:19:32.882: Theme parsing error: gtk.css:73:30: The style property GtkExpander:expander-size is deprecated and shouldn't be used anymore. It will be removed in a future version

(firefox:9566): Gtk-WARNING **: 08:19:32.909: Theme parsing error: gtk.css:69:36: The style property GtkCheckMenuItem:indicator-size is deprecated and shouldn't be used anymore. It will be removed in a future version

(firefox:9566): Gtk-WARNING **: 08:19:32.909: Theme parsing error: gtk.css:73:30: The style property GtkExpander:expander-size is deprecated and shouldn't be used anymore. It will be removed in a future version

(firefox:9566): Gtk-WARNING **: 08:19:32.921: Theme parsing error: gtk.css:69:36: The style property GtkCheckMenuItem:indicator-size is deprecated and shouldn't be used anymore. It will be removed in a future version

(firefox:9566): Gtk-WARNING **: 08:19:32.921: Theme parsing error: gtk.css:73:30: The style property GtkExpander:expander-size is deprecated and shouldn't be used anymore. It will be removed in a future version
console.warn: SearchSettings: "get: No settings file exists, new profile?" (new NotFoundError("Could not open the file at /tmp/rust_mozprofiledro7hp/search.json.mozlz4", (void 0)))
1631164773559	Marionette	INFO	Listening on port 44365
1631164773630	RemoteAgent	WARN	TLS certificate errors will be ignored for this session
1631164787106	Marionette	INFO	Stopped listening on port 44365
JavaScript error: resource:///modules/Interactions.jsm, line 209: NS_ERROR_FAILURE: Component returned failure code: 0x80004005 (NS_ERROR_FAILURE) [nsIUserIdleService.removeIdleObserver]

###!!! [Parent][RunMessage] Error: Channel closing: too late to send/recv, messages will be lost

1631164801520	geckodriver	INFO	Listening on 127.0.0.1:44123
1631164801522	mozrunner::runner	INFO	Running command: "/usr/bin/firefox" "--marionette" "-foreground" "-no-remote" "-profile" "/tmp/rust_mozprofiledbj5he"
1631164801719	Marionette	INFO	Marionette enabled

(firefox:9813): Gtk-WARNING **: 08:20:01.757: Theme parsing error: gtk.css:69:36: The style property GtkCheckMenuItem:indicator-size is deprecated and shouldn't be used anymore. It will be removed in a future version

(firefox:9813): Gtk-WARNING **: 08:20:01.757: Theme parsing error: gtk.css:73:30: The style property GtkExpander:expander-size is deprecated and shouldn't be used anymore. It will be removed in a future version

(firefox:9813): Gtk-WARNING **: 08:20:01.786: Theme parsing error: gtk.css:69:36: The style property GtkCheckMenuItem:indicator-size is deprecated and shouldn't be used anymore. It will be removed in a future version

(firefox:9813): Gtk-WARNING **: 08:20:01.786: Theme parsing error: gtk.css:73:30: The style property GtkExpander:expander-size is deprecated and shouldn't be used anymore. It will be removed in a future version

(firefox:9813): Gtk-WARNING **: 08:20:01.797: Theme parsing error: gtk.css:69:36: The style property GtkCheckMenuItem:indicator-size is deprecated and shouldn't be used anymore. It will be removed in a future version

(firefox:9813): Gtk-WARNING **: 08:20:01.797: Theme parsing error: gtk.css:73:30: The style property GtkExpander:expander-size is deprecated and shouldn't be used anymore. It will be removed in a future version
console.warn: SearchSettings: "get: No settings file exists, new profile?" (new NotFoundError("Could not open the file at /tmp/rust_mozprofiledbj5he/search.json.mozlz4", (void 0)))
1631164802441	Marionette	INFO	Listening on port 46821
1631164802534	RemoteAgent	WARN	TLS certificate errors will be ignored for this session
1631164810135	Marionette	INFO	Stopped listening on port 46821
JavaScript error: resource:///modules/Interactions.jsm, line 209: NS_ERROR_FAILURE: Component returned failure code: 0x80004005 (NS_ERROR_FAILURE) [nsIUserIdleService.removeIdleObserver]

###!!! [Parent][RunMessage] Error: Channel closing: too late to send/recv, messages will be lost

1631164858761	Marionette	INFO	Stopped listening on port 40929
JavaScript error: resource:///modules/Interactions.jsm, line 209: NS_ERROR_FAILURE: Component returned failure code: 0x80004005 (NS_ERROR_FAILURE) [nsIUserIdleService.removeIdleObserver]

###!!! [Parent][RunMessage] Error: Channel closing: too late to send/recv, messages will be lost

1631164862492	geckodriver	INFO	Listening on 127.0.0.1:47859
1631164862494	mozrunner::runner	INFO	Running command: "/usr/bin/firefox" "--marionette" "-foreground" "-no-remote" "-profile" "/tmp/rust_mozprofiledECwQZ"
1631164862711	Marionette	INFO	Marionette enabled

(firefox:10174): Gtk-WARNING **: 08:21:02.756: Theme parsing error: gtk.css:69:36: The style property GtkCheckMenuItem:indicator-size is deprecated and shouldn't be used anymore. It will be removed in a future version

(firefox:10174): Gtk-WARNING **: 08:21:02.756: Theme parsing error: gtk.css:73:30: The style property GtkExpander:expander-size is deprecated and shouldn't be used anymore. It will be removed in a future version

(firefox:10174): Gtk-WARNING **: 08:21:02.784: Theme parsing error: gtk.css:69:36: The style property GtkCheckMenuItem:indicator-size is deprecated and shouldn't be used anymore. It will be removed in a future version

(firefox:10174): Gtk-WARNING **: 08:21:02.784: Theme parsing error: gtk.css:73:30: The style property GtkExpander:expander-size is deprecated and shouldn't be used anymore. It will be removed in a future version

(firefox:10174): Gtk-WARNING **: 08:21:02.796: Theme parsing error: gtk.css:69:36: The style property GtkCheckMenuItem:indicator-size is deprecated and shouldn't be used anymore. It will be removed in a future version

(firefox:10174): Gtk-WARNING **: 08:21:02.796: Theme parsing error: gtk.css:73:30: The style property GtkExpander:expander-size is deprecated and shouldn't be used anymore. It will be removed in a future version
console.warn: SearchSettings: "get: No settings file exists, new profile?" (new NotFoundError("Could not open the file at /tmp/rust_mozprofiledECwQZ/search.json.mozlz4", (void 0)))
1631164863526	Marionette	INFO	Listening on port 39695
1631164863604	RemoteAgent	WARN	TLS certificate errors will be ignored for this session
1631164871176	Marionette	INFO	Stopped listening on port 39695
JavaScript error: resource:///modules/Interactions.jsm, line 209: NS_ERROR_FAILURE: Component returned failure code: 0x80004005 (NS_ERROR_FAILURE) [nsIUserIdleService.removeIdleObserver]

###!!! [Parent][RunMessage] Error: Channel closing: too late to send/recv, messages will be lost

