1631526685855	geckodriver	INFO	Listening on 127.0.0.1:54981
1631526685857	mozrunner::runner	INFO	Running command: "/usr/bin/firefox" "--marionette" "-foreground" "-no-remote" "-profile" "/tmp/rust_mozprofileDH43Uk"
1631526686106	Marionette	INFO	Marionette enabled

(firefox:12635): Gtk-WARNING **: 12:51:26.147: Theme parsing error: gtk.css:69:36: The style property GtkCheckMenuItem:indicator-size is deprecated and shouldn't be used anymore. It will be removed in a future version

(firefox:12635): Gtk-WARNING **: 12:51:26.147: Theme parsing error: gtk.css:73:30: The style property GtkExpander:expander-size is deprecated and shouldn't be used anymore. It will be removed in a future version

(firefox:12635): Gtk-WARNING **: 12:51:26.179: Theme parsing error: gtk.css:69:36: The style property GtkCheckMenuItem:indicator-size is deprecated and shouldn't be used anymore. It will be removed in a future version

(firefox:12635): Gtk-WARNING **: 12:51:26.179: Theme parsing error: gtk.css:73:30: The style property GtkExpander:expander-size is deprecated and shouldn't be used anymore. It will be removed in a future version

(firefox:12635): Gtk-WARNING **: 12:51:26.191: Theme parsing error: gtk.css:69:36: The style property GtkCheckMenuItem:indicator-size is deprecated and shouldn't be used anymore. It will be removed in a future version

(firefox:12635): Gtk-WARNING **: 12:51:26.191: Theme parsing error: gtk.css:73:30: The style property GtkExpander:expander-size is deprecated and shouldn't be used anymore. It will be removed in a future version
console.warn: SearchSettings: "get: No settings file exists, new profile?" (new NotFoundError("Could not open the file at /tmp/rust_mozprofileDH43Uk/search.json.mozlz4", (void 0)))
1631526687058	Marionette	INFO	Listening on port 39027
1631526687068	RemoteAgent	WARN	TLS certificate errors will be ignored for this session
console.warn: LoginRecipes: "getRecipes: falling back to a synchronous message for:" "https://www.seleniumeasy.com"
JavaScript error: resource://devtools/server/actors/network-monitor/network-event-actor.js, line 109: Error: Got a request https://maxcdn.bootstrapcdn.com/font-awesome/4.5.0/css/font-awesome.min.css without a browsingContextID set
JavaScript error: resource://devtools/server/actors/network-monitor/network-event-actor.js, line 109: Error: Got a request http://cdn.bootcss.com/animate.css/3.5.1/animate.min.css without a browsingContextID set
1631526733480	Marionette	INFO	Stopped listening on port 39027
JavaScript error: resource:///modules/Interactions.jsm, line 209: NS_ERROR_FAILURE: Component returned failure code: 0x80004005 (NS_ERROR_FAILURE) [nsIUserIdleService.removeIdleObserver]

###!!! [Parent][RunMessage] Error: Channel closing: too late to send/recv, messages will be lost

1631526801427	geckodriver	INFO	Listening on 127.0.0.1:51487
1631526801428	mozrunner::runner	INFO	Running command: "/usr/bin/firefox" "--marionette" "-foreground" "-no-remote" "-profile" "/tmp/rust_mozprofileSGRPG1"
1631526801765	Marionette	INFO	Marionette enabled

(firefox:12910): Gtk-WARNING **: 12:53:21.811: Theme parsing error: gtk.css:69:36: The style property GtkCheckMenuItem:indicator-size is deprecated and shouldn't be used anymore. It will be removed in a future version

(firefox:12910): Gtk-WARNING **: 12:53:21.811: Theme parsing error: gtk.css:73:30: The style property GtkExpander:expander-size is deprecated and shouldn't be used anymore. It will be removed in a future version

(firefox:12910): Gtk-WARNING **: 12:53:21.841: Theme parsing error: gtk.css:69:36: The style property GtkCheckMenuItem:indicator-size is deprecated and shouldn't be used anymore. It will be removed in a future version

(firefox:12910): Gtk-WARNING **: 12:53:21.841: Theme parsing error: gtk.css:73:30: The style property GtkExpander:expander-size is deprecated and shouldn't be used anymore. It will be removed in a future version

(firefox:12910): Gtk-WARNING **: 12:53:21.852: Theme parsing error: gtk.css:69:36: The style property GtkCheckMenuItem:indicator-size is deprecated and shouldn't be used anymore. It will be removed in a future version

(firefox:12910): Gtk-WARNING **: 12:53:21.852: Theme parsing error: gtk.css:73:30: The style property GtkExpander:expander-size is deprecated and shouldn't be used anymore. It will be removed in a future version
console.warn: SearchSettings: "get: No settings file exists, new profile?" (new NotFoundError("Could not open the file at /tmp/rust_mozprofileSGRPG1/search.json.mozlz4", (void 0)))
1631526802727	Marionette	INFO	Listening on port 45301
1631526802742	RemoteAgent	WARN	TLS certificate errors will be ignored for this session
1631526940047	Marionette	INFO	Stopped listening on port 45301
JavaScript error: resource:///modules/Interactions.jsm, line 209: NS_ERROR_FAILURE: Component returned failure code: 0x80004005 (NS_ERROR_FAILURE) [nsIUserIdleService.removeIdleObserver]
1631526941113	geckodriver	INFO	Listening on 127.0.0.1:35179
1631526941115	mozrunner::runner	INFO	Running command: "/usr/bin/firefox" "--marionette" "-foreground" "-no-remote" "-profile" "/tmp/rust_mozprofile1uv55W"
1631526941312	Marionette	INFO	Marionette enabled

(firefox:13243): Gtk-WARNING **: 12:55:41.350: Theme parsing error: gtk.css:69:36: The style property GtkCheckMenuItem:indicator-size is deprecated and shouldn't be used anymore. It will be removed in a future version

(firefox:13243): Gtk-WARNING **: 12:55:41.350: Theme parsing error: gtk.css:73:30: The style property GtkExpander:expander-size is deprecated and shouldn't be used anymore. It will be removed in a future version

(firefox:13243): Gtk-WARNING **: 12:55:41.380: Theme parsing error: gtk.css:69:36: The style property GtkCheckMenuItem:indicator-size is deprecated and shouldn't be used anymore. It will be removed in a future version

(firefox:13243): Gtk-WARNING **: 12:55:41.380: Theme parsing error: gtk.css:73:30: The style property GtkExpander:expander-size is deprecated and shouldn't be used anymore. It will be removed in a future version

(firefox:13243): Gtk-WARNING **: 12:55:41.391: Theme parsing error: gtk.css:69:36: The style property GtkCheckMenuItem:indicator-size is deprecated and shouldn't be used anymore. It will be removed in a future version

(firefox:13243): Gtk-WARNING **: 12:55:41.391: Theme parsing error: gtk.css:73:30: The style property GtkExpander:expander-size is deprecated and shouldn't be used anymore. It will be removed in a future version
console.warn: SearchSettings: "get: No settings file exists, new profile?" (new NotFoundError("Could not open the file at /tmp/rust_mozprofile1uv55W/search.json.mozlz4", (void 0)))
1631526942031	Marionette	INFO	Listening on port 40981
1631526942127	RemoteAgent	WARN	TLS certificate errors will be ignored for this session
1631526956586	Marionette	INFO	Stopped listening on port 40981
JavaScript error: resource:///modules/Interactions.jsm, line 209: NS_ERROR_FAILURE: Component returned failure code: 0x80004005 (NS_ERROR_FAILURE) [nsIUserIdleService.removeIdleObserver]

###!!! [Parent][RunMessage] Error: Channel closing: too late to send/recv, messages will be lost

1631526962187	geckodriver	INFO	Listening on 127.0.0.1:39149
1631526962188	mozrunner::runner	INFO	Running command: "/usr/bin/firefox" "--marionette" "-foreground" "-no-remote" "-profile" "/tmp/rust_mozprofilecHMZXb"
1631526962387	Marionette	INFO	Marionette enabled

(firefox:13483): Gtk-WARNING **: 12:56:02.428: Theme parsing error: gtk.css:69:36: The style property GtkCheckMenuItem:indicator-size is deprecated and shouldn't be used anymore. It will be removed in a future version

(firefox:13483): Gtk-WARNING **: 12:56:02.428: Theme parsing error: gtk.css:73:30: The style property GtkExpander:expander-size is deprecated and shouldn't be used anymore. It will be removed in a future version

(firefox:13483): Gtk-WARNING **: 12:56:02.461: Theme parsing error: gtk.css:69:36: The style property GtkCheckMenuItem:indicator-size is deprecated and shouldn't be used anymore. It will be removed in a future version

(firefox:13483): Gtk-WARNING **: 12:56:02.461: Theme parsing error: gtk.css:73:30: The style property GtkExpander:expander-size is deprecated and shouldn't be used anymore. It will be removed in a future version

(firefox:13483): Gtk-WARNING **: 12:56:02.473: Theme parsing error: gtk.css:69:36: The style property GtkCheckMenuItem:indicator-size is deprecated and shouldn't be used anymore. It will be removed in a future version

(firefox:13483): Gtk-WARNING **: 12:56:02.473: Theme parsing error: gtk.css:73:30: The style property GtkExpander:expander-size is deprecated and shouldn't be used anymore. It will be removed in a future version
console.warn: SearchSettings: "get: No settings file exists, new profile?" (new NotFoundError("Could not open the file at /tmp/rust_mozprofilecHMZXb/search.json.mozlz4", (void 0)))
1631526963160	Marionette	INFO	Listening on port 44717
1631526963197	RemoteAgent	WARN	TLS certificate errors will be ignored for this session
1631526967730	Marionette	INFO	Stopped listening on port 44717
JavaScript error: resource:///modules/Interactions.jsm, line 209: NS_ERROR_FAILURE: Component returned failure code: 0x80004005 (NS_ERROR_FAILURE) [nsIUserIdleService.removeIdleObserver]

###!!! [Parent][RunMessage] Error: Channel closing: too late to send/recv, messages will be lost

1631527383635	geckodriver	INFO	Listening on 127.0.0.1:55027
1631527383637	mozrunner::runner	INFO	Running command: "/usr/bin/firefox" "--marionette" "-foreground" "-no-remote" "-profile" "/tmp/rust_mozprofileAhm9iC"
1631527383834	Marionette	INFO	Marionette enabled

(firefox:14431): Gtk-WARNING **: 13:03:03.872: Theme parsing error: gtk.css:69:36: The style property GtkCheckMenuItem:indicator-size is deprecated and shouldn't be used anymore. It will be removed in a future version

(firefox:14431): Gtk-WARNING **: 13:03:03.872: Theme parsing error: gtk.css:73:30: The style property GtkExpander:expander-size is deprecated and shouldn't be used anymore. It will be removed in a future version

(firefox:14431): Gtk-WARNING **: 13:03:03.901: Theme parsing error: gtk.css:69:36: The style property GtkCheckMenuItem:indicator-size is deprecated and shouldn't be used anymore. It will be removed in a future version

(firefox:14431): Gtk-WARNING **: 13:03:03.901: Theme parsing error: gtk.css:73:30: The style property GtkExpander:expander-size is deprecated and shouldn't be used anymore. It will be removed in a future version

(firefox:14431): Gtk-WARNING **: 13:03:03.913: Theme parsing error: gtk.css:69:36: The style property GtkCheckMenuItem:indicator-size is deprecated and shouldn't be used anymore. It will be removed in a future version

(firefox:14431): Gtk-WARNING **: 13:03:03.913: Theme parsing error: gtk.css:73:30: The style property GtkExpander:expander-size is deprecated and shouldn't be used anymore. It will be removed in a future version
console.warn: SearchSettings: "get: No settings file exists, new profile?" (new NotFoundError("Could not open the file at /tmp/rust_mozprofileAhm9iC/search.json.mozlz4", (void 0)))
1631527384555	Marionette	INFO	Listening on port 45331
1631527384649	RemoteAgent	WARN	TLS certificate errors will be ignored for this session
1631527410013	Marionette	INFO	Stopped listening on port 45331
JavaScript error: resource:///modules/Interactions.jsm, line 209: NS_ERROR_FAILURE: Component returned failure code: 0x80004005 (NS_ERROR_FAILURE) [nsIUserIdleService.removeIdleObserver]

###!!! [Parent][RunMessage] Error: Channel closing: too late to send/recv, messages will be lost

1631527582274	geckodriver	INFO	Listening on 127.0.0.1:46851
1631527582276	mozrunner::runner	INFO	Running command: "/usr/bin/firefox" "--marionette" "-foreground" "-no-remote" "-profile" "/tmp/rust_mozprofileZBcFf4"
1631527582492	Marionette	INFO	Marionette enabled

(firefox:14793): Gtk-WARNING **: 13:06:22.530: Theme parsing error: gtk.css:69:36: The style property GtkCheckMenuItem:indicator-size is deprecated and shouldn't be used anymore. It will be removed in a future version

(firefox:14793): Gtk-WARNING **: 13:06:22.530: Theme parsing error: gtk.css:73:30: The style property GtkExpander:expander-size is deprecated and shouldn't be used anymore. It will be removed in a future version

(firefox:14793): Gtk-WARNING **: 13:06:22.559: Theme parsing error: gtk.css:69:36: The style property GtkCheckMenuItem:indicator-size is deprecated and shouldn't be used anymore. It will be removed in a future version

(firefox:14793): Gtk-WARNING **: 13:06:22.559: Theme parsing error: gtk.css:73:30: The style property GtkExpander:expander-size is deprecated and shouldn't be used anymore. It will be removed in a future version

(firefox:14793): Gtk-WARNING **: 13:06:22.570: Theme parsing error: gtk.css:69:36: The style property GtkCheckMenuItem:indicator-size is deprecated and shouldn't be used anymore. It will be removed in a future version

(firefox:14793): Gtk-WARNING **: 13:06:22.570: Theme parsing error: gtk.css:73:30: The style property GtkExpander:expander-size is deprecated and shouldn't be used anymore. It will be removed in a future version
console.warn: SearchSettings: "get: No settings file exists, new profile?" (new NotFoundError("Could not open the file at /tmp/rust_mozprofileZBcFf4/search.json.mozlz4", (void 0)))
1631527583231	Marionette	INFO	Listening on port 41087
1631527583287	RemoteAgent	WARN	TLS certificate errors will be ignored for this session
1631527601606	geckodriver	INFO	Listening on 127.0.0.1:52701
1631527601608	mozrunner::runner	INFO	Running command: "/usr/bin/firefox" "--marionette" "-foreground" "-no-remote" "-profile" "/tmp/rust_mozprofile2tb918"
1631527601839	Marionette	INFO	Marionette enabled

(firefox:15029): Gtk-WARNING **: 13:06:41.883: Theme parsing error: gtk.css:69:36: The style property GtkCheckMenuItem:indicator-size is deprecated and shouldn't be used anymore. It will be removed in a future version

(firefox:15029): Gtk-WARNING **: 13:06:41.883: Theme parsing error: gtk.css:73:30: The style property GtkExpander:expander-size is deprecated and shouldn't be used anymore. It will be removed in a future version

(firefox:15029): Gtk-WARNING **: 13:06:41.911: Theme parsing error: gtk.css:69:36: The style property GtkCheckMenuItem:indicator-size is deprecated and shouldn't be used anymore. It will be removed in a future version

(firefox:15029): Gtk-WARNING **: 13:06:41.911: Theme parsing error: gtk.css:73:30: The style property GtkExpander:expander-size is deprecated and shouldn't be used anymore. It will be removed in a future version

(firefox:15029): Gtk-WARNING **: 13:06:41.923: Theme parsing error: gtk.css:69:36: The style property GtkCheckMenuItem:indicator-size is deprecated and shouldn't be used anymore. It will be removed in a future version

(firefox:15029): Gtk-WARNING **: 13:06:41.923: Theme parsing error: gtk.css:73:30: The style property GtkExpander:expander-size is deprecated and shouldn't be used anymore. It will be removed in a future version
console.warn: SearchSettings: "get: No settings file exists, new profile?" (new NotFoundError("Could not open the file at /tmp/rust_mozprofile2tb918/search.json.mozlz4", (void 0)))
1631527602669	Marionette	INFO	Listening on port 39105
1631527602716	RemoteAgent	WARN	TLS certificate errors will be ignored for this session
1631527603978	Marionette	INFO	Stopped listening on port 41087
JavaScript error: resource:///modules/Interactions.jsm, line 209: NS_ERROR_FAILURE: Component returned failure code: 0x80004005 (NS_ERROR_FAILURE) [nsIUserIdleService.removeIdleObserver]

###!!! [Parent][RunMessage] Error: Channel closing: too late to send/recv, messages will be lost

1631527613461	Marionette	INFO	Stopped listening on port 39105
JavaScript error: resource:///modules/Interactions.jsm, line 209: NS_ERROR_FAILURE: Component returned failure code: 0x80004005 (NS_ERROR_FAILURE) [nsIUserIdleService.removeIdleObserver]

###!!! [Parent][RunMessage] Error: Channel closing: too late to send/recv, messages will be lost

1631527662095	geckodriver	INFO	Listening on 127.0.0.1:50999
1631527662097	mozrunner::runner	INFO	Running command: "/usr/bin/firefox" "--marionette" "-foreground" "-no-remote" "-profile" "/tmp/rust_mozprofileleMKxJ"
1631527662311	Marionette	INFO	Marionette enabled

(firefox:15288): Gtk-WARNING **: 13:07:42.349: Theme parsing error: gtk.css:69:36: The style property GtkCheckMenuItem:indicator-size is deprecated and shouldn't be used anymore. It will be removed in a future version

(firefox:15288): Gtk-WARNING **: 13:07:42.349: Theme parsing error: gtk.css:73:30: The style property GtkExpander:expander-size is deprecated and shouldn't be used anymore. It will be removed in a future version

(firefox:15288): Gtk-WARNING **: 13:07:42.379: Theme parsing error: gtk.css:69:36: The style property GtkCheckMenuItem:indicator-size is deprecated and shouldn't be used anymore. It will be removed in a future version

(firefox:15288): Gtk-WARNING **: 13:07:42.379: Theme parsing error: gtk.css:73:30: The style property GtkExpander:expander-size is deprecated and shouldn't be used anymore. It will be removed in a future version

(firefox:15288): Gtk-WARNING **: 13:07:42.390: Theme parsing error: gtk.css:69:36: The style property GtkCheckMenuItem:indicator-size is deprecated and shouldn't be used anymore. It will be removed in a future version

(firefox:15288): Gtk-WARNING **: 13:07:42.390: Theme parsing error: gtk.css:73:30: The style property GtkExpander:expander-size is deprecated and shouldn't be used anymore. It will be removed in a future version
console.warn: SearchSettings: "get: No settings file exists, new profile?" (new NotFoundError("Could not open the file at /tmp/rust_mozprofileleMKxJ/search.json.mozlz4", (void 0)))
1631527663001	Marionette	INFO	Listening on port 40723
1631527663108	RemoteAgent	WARN	TLS certificate errors will be ignored for this session
1631527668609	Marionette	INFO	Stopped listening on port 40723
JavaScript error: resource:///modules/Interactions.jsm, line 209: NS_ERROR_FAILURE: Component returned failure code: 0x80004005 (NS_ERROR_FAILURE) [nsIUserIdleService.removeIdleObserver]

###!!! [Parent][RunMessage] Error: Channel closing: too late to send/recv, messages will be lost

1631527675761	geckodriver	INFO	Listening on 127.0.0.1:40543
1631527675763	mozrunner::runner	INFO	Running command: "/usr/bin/firefox" "--marionette" "-foreground" "-no-remote" "-profile" "/tmp/rust_mozprofilegDx9ui"
1631527675956	Marionette	INFO	Marionette enabled

(firefox:15527): Gtk-WARNING **: 13:07:55.994: Theme parsing error: gtk.css:69:36: The style property GtkCheckMenuItem:indicator-size is deprecated and shouldn't be used anymore. It will be removed in a future version

(firefox:15527): Gtk-WARNING **: 13:07:55.994: Theme parsing error: gtk.css:73:30: The style property GtkExpander:expander-size is deprecated and shouldn't be used anymore. It will be removed in a future version

(firefox:15527): Gtk-WARNING **: 13:07:56.023: Theme parsing error: gtk.css:69:36: The style property GtkCheckMenuItem:indicator-size is deprecated and shouldn't be used anymore. It will be removed in a future version

(firefox:15527): Gtk-WARNING **: 13:07:56.023: Theme parsing error: gtk.css:73:30: The style property GtkExpander:expander-size is deprecated and shouldn't be used anymore. It will be removed in a future version

(firefox:15527): Gtk-WARNING **: 13:07:56.034: Theme parsing error: gtk.css:69:36: The style property GtkCheckMenuItem:indicator-size is deprecated and shouldn't be used anymore. It will be removed in a future version

(firefox:15527): Gtk-WARNING **: 13:07:56.034: Theme parsing error: gtk.css:73:30: The style property GtkExpander:expander-size is deprecated and shouldn't be used anymore. It will be removed in a future version
console.warn: SearchSettings: "get: No settings file exists, new profile?" (new NotFoundError("Could not open the file at /tmp/rust_mozprofilegDx9ui/search.json.mozlz4", (void 0)))
1631527676702	Marionette	INFO	Listening on port 37509
1631527676771	RemoteAgent	WARN	TLS certificate errors will be ignored for this session
1631527681109	Marionette	INFO	Stopped listening on port 37509
JavaScript error: resource:///modules/Interactions.jsm, line 209: NS_ERROR_FAILURE: Component returned failure code: 0x80004005 (NS_ERROR_FAILURE) [nsIUserIdleService.removeIdleObserver]

###!!! [Parent][RunMessage] Error: Channel closing: too late to send/recv, messages will be lost

1631527702550	geckodriver	INFO	Listening on 127.0.0.1:43507
1631527702552	mozrunner::runner	INFO	Running command: "/usr/bin/firefox" "--marionette" "-foreground" "-no-remote" "-profile" "/tmp/rust_mozprofile9rdgNU"
1631527702764	Marionette	INFO	Marionette enabled

(firefox:15771): Gtk-WARNING **: 13:08:22.808: Theme parsing error: gtk.css:69:36: The style property GtkCheckMenuItem:indicator-size is deprecated and shouldn't be used anymore. It will be removed in a future version

(firefox:15771): Gtk-WARNING **: 13:08:22.808: Theme parsing error: gtk.css:73:30: The style property GtkExpander:expander-size is deprecated and shouldn't be used anymore. It will be removed in a future version

(firefox:15771): Gtk-WARNING **: 13:08:22.838: Theme parsing error: gtk.css:69:36: The style property GtkCheckMenuItem:indicator-size is deprecated and shouldn't be used anymore. It will be removed in a future version

(firefox:15771): Gtk-WARNING **: 13:08:22.838: Theme parsing error: gtk.css:73:30: The style property GtkExpander:expander-size is deprecated and shouldn't be used anymore. It will be removed in a future version

(firefox:15771): Gtk-WARNING **: 13:08:22.849: Theme parsing error: gtk.css:69:36: The style property GtkCheckMenuItem:indicator-size is deprecated and shouldn't be used anymore. It will be removed in a future version

(firefox:15771): Gtk-WARNING **: 13:08:22.849: Theme parsing error: gtk.css:73:30: The style property GtkExpander:expander-size is deprecated and shouldn't be used anymore. It will be removed in a future version
console.warn: SearchSettings: "get: No settings file exists, new profile?" (new NotFoundError("Could not open the file at /tmp/rust_mozprofile9rdgNU/search.json.mozlz4", (void 0)))
1631527703502	Marionette	INFO	Listening on port 41663
1631527703564	RemoteAgent	WARN	TLS certificate errors will be ignored for this session
1631527711912	Marionette	INFO	Stopped listening on port 41663
JavaScript error: resource:///modules/Interactions.jsm, line 209: NS_ERROR_FAILURE: Component returned failure code: 0x80004005 (NS_ERROR_FAILURE) [nsIUserIdleService.removeIdleObserver]

###!!! [Parent][RunMessage] Error: Channel closing: too late to send/recv, messages will be lost

1631527713109	geckodriver	INFO	Listening on 127.0.0.1:49467
1631527713111	mozrunner::runner	INFO	Running command: "/usr/bin/firefox" "--marionette" "-foreground" "-no-remote" "-profile" "/tmp/rust_mozprofilegD1c70"
1631527713314	Marionette	INFO	Marionette enabled

(firefox:16004): Gtk-WARNING **: 13:08:33.352: Theme parsing error: gtk.css:69:36: The style property GtkCheckMenuItem:indicator-size is deprecated and shouldn't be used anymore. It will be removed in a future version

(firefox:16004): Gtk-WARNING **: 13:08:33.352: Theme parsing error: gtk.css:73:30: The style property GtkExpander:expander-size is deprecated and shouldn't be used anymore. It will be removed in a future version

(firefox:16004): Gtk-WARNING **: 13:08:33.383: Theme parsing error: gtk.css:69:36: The style property GtkCheckMenuItem:indicator-size is deprecated and shouldn't be used anymore. It will be removed in a future version

(firefox:16004): Gtk-WARNING **: 13:08:33.383: Theme parsing error: gtk.css:73:30: The style property GtkExpander:expander-size is deprecated and shouldn't be used anymore. It will be removed in a future version

(firefox:16004): Gtk-WARNING **: 13:08:33.395: Theme parsing error: gtk.css:69:36: The style property GtkCheckMenuItem:indicator-size is deprecated and shouldn't be used anymore. It will be removed in a future version

(firefox:16004): Gtk-WARNING **: 13:08:33.395: Theme parsing error: gtk.css:73:30: The style property GtkExpander:expander-size is deprecated and shouldn't be used anymore. It will be removed in a future version
console.warn: SearchSettings: "get: No settings file exists, new profile?" (new NotFoundError("Could not open the file at /tmp/rust_mozprofilegD1c70/search.json.mozlz4", (void 0)))
1631527714041	Marionette	INFO	Listening on port 35109
1631527714122	RemoteAgent	WARN	TLS certificate errors will be ignored for this session
1631527718677	Marionette	INFO	Stopped listening on port 35109
JavaScript error: resource:///modules/Interactions.jsm, line 209: NS_ERROR_FAILURE: Component returned failure code: 0x80004005 (NS_ERROR_FAILURE) [nsIUserIdleService.removeIdleObserver]

###!!! [Parent][RunMessage] Error: Channel closing: too late to send/recv, messages will be lost

1631527830947	geckodriver	INFO	Listening on 127.0.0.1:39293
1631527830948	mozrunner::runner	INFO	Running command: "/usr/bin/firefox" "--marionette" "-foreground" "-no-remote" "-profile" "/tmp/rust_mozprofile4TwJDp"
1631527831142	Marionette	INFO	Marionette enabled

(firefox:16275): Gtk-WARNING **: 13:10:31.184: Theme parsing error: gtk.css:69:36: The style property GtkCheckMenuItem:indicator-size is deprecated and shouldn't be used anymore. It will be removed in a future version

(firefox:16275): Gtk-WARNING **: 13:10:31.185: Theme parsing error: gtk.css:73:30: The style property GtkExpander:expander-size is deprecated and shouldn't be used anymore. It will be removed in a future version

(firefox:16275): Gtk-WARNING **: 13:10:31.215: Theme parsing error: gtk.css:69:36: The style property GtkCheckMenuItem:indicator-size is deprecated and shouldn't be used anymore. It will be removed in a future version

(firefox:16275): Gtk-WARNING **: 13:10:31.215: Theme parsing error: gtk.css:73:30: The style property GtkExpander:expander-size is deprecated and shouldn't be used anymore. It will be removed in a future version

(firefox:16275): Gtk-WARNING **: 13:10:31.226: Theme parsing error: gtk.css:69:36: The style property GtkCheckMenuItem:indicator-size is deprecated and shouldn't be used anymore. It will be removed in a future version

(firefox:16275): Gtk-WARNING **: 13:10:31.226: Theme parsing error: gtk.css:73:30: The style property GtkExpander:expander-size is deprecated and shouldn't be used anymore. It will be removed in a future version
console.warn: SearchSettings: "get: No settings file exists, new profile?" (new NotFoundError("Could not open the file at /tmp/rust_mozprofile4TwJDp/search.json.mozlz4", (void 0)))
1631527831893	Marionette	INFO	Listening on port 44095
1631527831957	RemoteAgent	WARN	TLS certificate errors will be ignored for this session
1631527839478	Marionette	INFO	Stopped listening on port 44095
JavaScript error: resource:///modules/Interactions.jsm, line 209: NS_ERROR_FAILURE: Component returned failure code: 0x80004005 (NS_ERROR_FAILURE) [nsIUserIdleService.removeIdleObserver]

###!!! [Parent][RunMessage] Error: Channel closing: too late to send/recv, messages will be lost

1631527856320	geckodriver	INFO	Listening on 127.0.0.1:44359
1631527856322	mozrunner::runner	INFO	Running command: "/usr/bin/firefox" "--marionette" "-foreground" "-no-remote" "-profile" "/tmp/rust_mozprofileJedqoG"
1631527856538	Marionette	INFO	Marionette enabled

(firefox:16516): Gtk-WARNING **: 13:10:56.579: Theme parsing error: gtk.css:69:36: The style property GtkCheckMenuItem:indicator-size is deprecated and shouldn't be used anymore. It will be removed in a future version

(firefox:16516): Gtk-WARNING **: 13:10:56.579: Theme parsing error: gtk.css:73:30: The style property GtkExpander:expander-size is deprecated and shouldn't be used anymore. It will be removed in a future version

(firefox:16516): Gtk-WARNING **: 13:10:56.608: Theme parsing error: gtk.css:69:36: The style property GtkCheckMenuItem:indicator-size is deprecated and shouldn't be used anymore. It will be removed in a future version

(firefox:16516): Gtk-WARNING **: 13:10:56.608: Theme parsing error: gtk.css:73:30: The style property GtkExpander:expander-size is deprecated and shouldn't be used anymore. It will be removed in a future version

(firefox:16516): Gtk-WARNING **: 13:10:56.619: Theme parsing error: gtk.css:69:36: The style property GtkCheckMenuItem:indicator-size is deprecated and shouldn't be used anymore. It will be removed in a future version

(firefox:16516): Gtk-WARNING **: 13:10:56.619: Theme parsing error: gtk.css:73:30: The style property GtkExpander:expander-size is deprecated and shouldn't be used anymore. It will be removed in a future version
console.warn: SearchSettings: "get: No settings file exists, new profile?" (new NotFoundError("Could not open the file at /tmp/rust_mozprofileJedqoG/search.json.mozlz4", (void 0)))
1631527857241	Marionette	INFO	Listening on port 37555
1631527857330	RemoteAgent	WARN	TLS certificate errors will be ignored for this session
1631527866296	Marionette	INFO	Stopped listening on port 37555
JavaScript error: resource:///modules/Interactions.jsm, line 209: NS_ERROR_FAILURE: Component returned failure code: 0x80004005 (NS_ERROR_FAILURE) [nsIUserIdleService.removeIdleObserver]

###!!! [Parent][RunMessage] Error: Channel closing: too late to send/recv, messages will be lost

1631527918546	geckodriver	INFO	Listening on 127.0.0.1:41835
1631527918547	mozrunner::runner	INFO	Running command: "/usr/bin/firefox" "--marionette" "-foreground" "-no-remote" "-profile" "/tmp/rust_mozprofile1iPHZ2"
1631527918760	Marionette	INFO	Marionette enabled

(firefox:16763): Gtk-WARNING **: 13:11:58.804: Theme parsing error: gtk.css:69:36: The style property GtkCheckMenuItem:indicator-size is deprecated and shouldn't be used anymore. It will be removed in a future version

(firefox:16763): Gtk-WARNING **: 13:11:58.804: Theme parsing error: gtk.css:73:30: The style property GtkExpander:expander-size is deprecated and shouldn't be used anymore. It will be removed in a future version

(firefox:16763): Gtk-WARNING **: 13:11:58.834: Theme parsing error: gtk.css:69:36: The style property GtkCheckMenuItem:indicator-size is deprecated and shouldn't be used anymore. It will be removed in a future version

(firefox:16763): Gtk-WARNING **: 13:11:58.834: Theme parsing error: gtk.css:73:30: The style property GtkExpander:expander-size is deprecated and shouldn't be used anymore. It will be removed in a future version

(firefox:16763): Gtk-WARNING **: 13:11:58.845: Theme parsing error: gtk.css:69:36: The style property GtkCheckMenuItem:indicator-size is deprecated and shouldn't be used anymore. It will be removed in a future version

(firefox:16763): Gtk-WARNING **: 13:11:58.845: Theme parsing error: gtk.css:73:30: The style property GtkExpander:expander-size is deprecated and shouldn't be used anymore. It will be removed in a future version
console.warn: SearchSettings: "get: No settings file exists, new profile?" (new NotFoundError("Could not open the file at /tmp/rust_mozprofile1iPHZ2/search.json.mozlz4", (void 0)))
1631527919476	Marionette	INFO	Listening on port 38971
1631527919558	RemoteAgent	WARN	TLS certificate errors will be ignored for this session
1631528112188	geckodriver	INFO	Listening on 127.0.0.1:51969
1631528112190	mozrunner::runner	INFO	Running command: "/usr/bin/firefox" "--marionette" "-foreground" "-no-remote" "-profile" "/tmp/rust_mozprofileYEUraa"
1631528112385	Marionette	INFO	Marionette enabled

(firefox:17077): Gtk-WARNING **: 13:15:12.423: Theme parsing error: gtk.css:69:36: The style property GtkCheckMenuItem:indicator-size is deprecated and shouldn't be used anymore. It will be removed in a future version

(firefox:17077): Gtk-WARNING **: 13:15:12.423: Theme parsing error: gtk.css:73:30: The style property GtkExpander:expander-size is deprecated and shouldn't be used anymore. It will be removed in a future version

(firefox:17077): Gtk-WARNING **: 13:15:12.454: Theme parsing error: gtk.css:69:36: The style property GtkCheckMenuItem:indicator-size is deprecated and shouldn't be used anymore. It will be removed in a future version

(firefox:17077): Gtk-WARNING **: 13:15:12.454: Theme parsing error: gtk.css:73:30: The style property GtkExpander:expander-size is deprecated and shouldn't be used anymore. It will be removed in a future version

(firefox:17077): Gtk-WARNING **: 13:15:12.465: Theme parsing error: gtk.css:69:36: The style property GtkCheckMenuItem:indicator-size is deprecated and shouldn't be used anymore. It will be removed in a future version

(firefox:17077): Gtk-WARNING **: 13:15:12.465: Theme parsing error: gtk.css:73:30: The style property GtkExpander:expander-size is deprecated and shouldn't be used anymore. It will be removed in a future version
console.warn: SearchSettings: "get: No settings file exists, new profile?" (new NotFoundError("Could not open the file at /tmp/rust_mozprofileYEUraa/search.json.mozlz4", (void 0)))
1631528113097	Marionette	INFO	Listening on port 43739
1631528113201	RemoteAgent	WARN	TLS certificate errors will be ignored for this session
1631528120264	Marionette	INFO	Stopped listening on port 43739
JavaScript error: resource:///modules/Interactions.jsm, line 209: NS_ERROR_FAILURE: Component returned failure code: 0x80004005 (NS_ERROR_FAILURE) [nsIUserIdleService.removeIdleObserver]

###!!! [Parent][RunMessage] Error: Channel closing: too late to send/recv, messages will be lost

1631528164419	Marionette	INFO	Stopped listening on port 38971
JavaScript error: resource:///modules/Interactions.jsm, line 209: NS_ERROR_FAILURE: Component returned failure code: 0x80004005 (NS_ERROR_FAILURE) [nsIUserIdleService.removeIdleObserver]

###!!! [Parent][RunMessage] Error: Channel closing: too late to send/recv, messages will be lost

